timestamp: 2014-12-14T21:54:19.668596
CREATE TABLE auth_user(
    id INTEGER PRIMARY KEY AUTOINCREMENT,
    first_name CHAR(128),
    last_name CHAR(128),
    email CHAR(512),
    password CHAR(512),
    registration_key CHAR(512),
    reset_password_key CHAR(512),
    registration_id CHAR(512)
);
success!
timestamp: 2014-12-14T21:54:19.682635
CREATE TABLE auth_group(
    id INTEGER PRIMARY KEY AUTOINCREMENT,
    role CHAR(512),
    description TEXT
);
success!
timestamp: 2014-12-14T21:54:19.685893
CREATE TABLE auth_membership(
    id INTEGER PRIMARY KEY AUTOINCREMENT,
    user_id INTEGER REFERENCES auth_user (id) ON DELETE CASCADE,
    group_id INTEGER REFERENCES auth_group (id) ON DELETE CASCADE
);
success!
timestamp: 2014-12-14T21:54:19.691387
CREATE TABLE auth_permission(
    id INTEGER PRIMARY KEY AUTOINCREMENT,
    group_id INTEGER REFERENCES auth_group (id) ON DELETE CASCADE,
    name CHAR(512),
    table_name CHAR(512),
    record_id INTEGER
);
success!
timestamp: 2014-12-14T21:54:19.695106
CREATE TABLE auth_event(
    id INTEGER PRIMARY KEY AUTOINCREMENT,
    time_stamp TIMESTAMP,
    client_ip CHAR(512),
    user_id INTEGER REFERENCES auth_user (id) ON DELETE CASCADE,
    origin CHAR(512),
    description TEXT
);
success!
timestamp: 2014-12-14T21:54:19.698278
CREATE TABLE auth_cas(
    id INTEGER PRIMARY KEY AUTOINCREMENT,
    user_id INTEGER REFERENCES auth_user (id) ON DELETE CASCADE,
    created_on TIMESTAMP,
    service CHAR(512),
    ticket CHAR(512),
    renew CHAR(1)
);
success!
timestamp: 2014-12-14T21:54:19.704197
CREATE TABLE post(
    id INTEGER PRIMARY KEY AUTOINCREMENT,
    title CHAR(50) UNIQUE,
    author CHAR(512),
    email CHAR(512),
    phone INTEGER,
    creation_date TIMESTAMP,
    modified_date TIMESTAMP,
    post_content TEXT,
    post_approved CHAR(1),
    minimum_age INTEGER,
    fees DOUBLE,
    expected_size INTEGER,
    time_of_event TIME,
    location_of_event CHAR(512),
    date_of_event DATE
);
success!
timestamp: 2014-12-14T21:54:19.709084
CREATE TABLE comment(
    id INTEGER PRIMARY KEY AUTOINCREMENT,
    author CHAR(512),
    email CHAR(512),
    post_id INTEGER REFERENCES post (id) ON DELETE NO ACTION,
    sub_comment_id CHAR(512),
    creation_date TIMESTAMP,
    modified_date TIMESTAMP,
    comment_content TEXT,
    comment_approved CHAR(1)
);
success!
timestamp: 2014-12-14T21:54:19.712454
CREATE TABLE moderator(
    id INTEGER PRIMARY KEY AUTOINCREMENT,
    name CHAR(512),
    email CHAR(512) UNIQUE,
    moderator_status CHAR(1)
);
success!
